<?xml version="1.0" encoding="UTF-8"?>
<testsuite name="TestDodawanieOcen" tests="2" skipped="0" failures="0" errors="0" timestamp="2022-01-28T13:31:41" hostname="Mac-mini.home" time="0.004">
  <properties/>
  <testcase name="dodajOcene()" classname="TestDodawanieOcen" time="0.002"/>
  <testcase name="sredniaOcen()" classname="TestDodawanieOcen" time="0.002"/>
  <system-out><![CDATA[]]></system-out>
  <system-err><![CDATA[]]></system-err>
</testsuite>
