<?xml version="1.0" encoding="UTF-8"?>
<testsuite name="TestZakonczenieKursu" tests="3" skipped="0" failures="0" errors="0" timestamp="2022-01-28T13:31:41" hostname="Mac-mini.home" time="0.03">
  <properties/>
  <testcase name="zakonczKurs()" classname="TestZakonczenieKursu" time="0.026"/>
  <testcase name="proponowanieStypendystow()" classname="TestZakonczenieKursu" time="0.001"/>
  <testcase name="wyrzucenieStudenta()" classname="TestZakonczenieKursu" time="0.001"/>
  <system-out><![CDATA[]]></system-out>
  <system-err><![CDATA[]]></system-err>
</testsuite>
