<?xml version="1.0" encoding="UTF-8"?>
<testsuite name="TestSortowanieListyStypendystow" tests="3" skipped="0" failures="0" errors="0" timestamp="2022-01-28T13:31:41" hostname="Mac-mini.home" time="0.007">
  <properties/>
  <testcase name="posortowanaLista1()" classname="TestSortowanieListyStypendystow" time="0.001"/>
  <testcase name="posortowanaLista2()" classname="TestSortowanieListyStypendystow" time="0.001"/>
  <testcase name="posortowanaLista3()" classname="TestSortowanieListyStypendystow" time="0.002"/>
  <system-out><![CDATA[]]></system-out>
  <system-err><![CDATA[]]></system-err>
</testsuite>
